2020-06-29 19:43:15.196 3 call database_version() 
2020-06-29 19:43:15.305 3 call database_version() 
2020-06-29 19:43:15.339 3 VALUES 'keep alive' 
2020-06-29 19:43:15.346 3 ROLLBACK 
2020-06-29 19:43:19.269 2 call database_version() 
2020-06-29 19:43:19.656 2 call database_version() 
2020-06-29 19:43:19.720 2 select current_catalog d, current_schema s from (values (1)) 
2020-06-29 19:43:19.804 2 select database(), current_schema, current_user from information_schema.schemata limit 1 
2020-06-29 19:43:19.828 2 call database_version() 
2020-06-29 19:43:19.853 2 SELECT CATALOG_NAME AS TABLE_CAT FROM INFORMATION_SCHEMA.INFORMATION_SCHEMA_CATALOG_NAME 
2020-06-29 19:43:19.867 2 SELECT * FROM INFORMATION_SCHEMA.SYSTEM_SCHEMAS WHERE TRUE AND TABLE_CATALOG = 'PUBLIC' AND TABLE_SCHEM LIKE '%' 
2020-06-29 19:43:19.884 2 SELECT * FROM INFORMATION_SCHEMA.SYSTEM_SCHEMAS WHERE TRUE AND TABLE_CATALOG = 'PUBLIC' AND TABLE_SCHEM LIKE '%' 
2020-06-29 19:43:19.899 2 SELECT * FROM INFORMATION_SCHEMA.SYSTEM_TABLETYPES 
2020-06-29 19:43:19.906 2 SELECT * FROM INFORMATION_SCHEMA.SYSTEM_TABLES WHERE TRUE AND TABLE_CAT = 'PUBLIC' AND TABLE_SCHEM = 'PUBLIC' AND TABLE_NAME LIKE '%' AND TABLE_TYPE IN ('GLOBAL TEMPORARY','SYSTEM TABLE','TABLE','VIEW') 
2020-06-29 19:43:19.943 2 SELECT * FROM INFORMATION_SCHEMA.SYSTEM_PROCEDURES WHERE TRUE AND PROCEDURE_CAT = 'PUBLIC' AND PROCEDURE_SCHEM = 'PUBLIC' 
2020-06-29 19:43:19.955 2 select sp.procedure_cat as FUNCTION_CAT,sp.procedure_schem as FUNCTION_SCHEM,sp.procedure_name as FUNCTION_NAME,sp.remarks as REMARKS,1 as FUNCTION_TYPE,sp.specific_name as SPECIFIC_NAME from information_schema.system_procedures sp where sp.procedure_type = 2  AND sp.procedure_cat = 'PUBLIC' AND sp.procedure_schem = 'PUBLIC' AND sp.procedure_name LIKE '%' 
2020-06-29 19:43:19.966 2 SELECT * FROM INFORMATION_SCHEMA.SYSTEM_UDTS WHERE TRUE AND TYPE_CAT = 'PUBLIC' AND TYPE_SCHEM = 'PUBLIC' AND TYPE_NAME LIKE '%' 
2020-06-29 19:43:19.976 2 SELECT * FROM INFORMATION_SCHEMA.SYSTEM_COLUMNS WHERE TRUE AND TABLE_CAT = 'PUBLIC' AND TABLE_SCHEM = 'PUBLIC' AND TABLE_NAME LIKE '%' AND COLUMN_NAME LIKE '%' 
2020-06-29 19:43:20.042 2 SELECT * FROM INFORMATION_SCHEMA.SYSTEM_PROCEDURECOLUMNS WHERE TRUE AND PROCEDURE_CAT = 'PUBLIC' AND PROCEDURE_SCHEM = 'PUBLIC' AND PROCEDURE_NAME LIKE '%' 
2020-06-29 19:43:20.060 2 select pc.procedure_cat as FUNCTION_CAT,pc.procedure_schem as FUNCTION_SCHEM,pc.procedure_name as FUNCTION_NAME,pc.column_name as COLUMN_NAME,case pc.column_type when 3 then 5 when 4 then 3 when 5 then 4 else pc.column_type end as COLUMN_TYPE,pc.DATA_TYPE,pc.TYPE_NAME,pc.PRECISION,pc.LENGTH,pc.SCALE,pc.RADIX,pc.NULLABLE,pc.REMARKS,pc.CHAR_OCTET_LENGTH,pc.ORDINAL_POSITION,pc.IS_NULLABLE,pc.SPECIFIC_NAME,case pc.column_type when 3 then 1 else 0 end AS COLUMN_GROUP from information_schema.system_procedurecolumns pc join (select procedure_schem,procedure_name,specific_name from information_schema.system_procedures where procedure_type = 2) p on pc.procedure_schem = p.procedure_schem and pc.procedure_name = p.procedure_name and pc.specific_name = p.specific_name and ((pc.column_type = 3 and pc.column_name = '@p0') or (pc.column_type <> 3)) where 1=1  AND pc.procedure_cat = 'PUBLIC' AND pc.procedure_schem = 'PUBLIC' order by 1, 2, 3, 17, 18 , 15 
2020-06-29 19:43:20.080 2 SELECT * FROM INFORMATION_SCHEMA.SYSTEM_PRIMARYKEYS WHERE TRUE AND TABLE_CAT = 'PUBLIC' AND TABLE_SCHEM = 'PUBLIC' AND TABLE_NAME = 'USERS' 
2020-06-29 19:43:20.091 2 SELECT * FROM INFORMATION_SCHEMA.SYSTEM_CROSSREFERENCE WHERE TRUE AND FKTABLE_CAT = 'PUBLIC' AND FKTABLE_SCHEM = 'PUBLIC' AND FKTABLE_NAME = 'USERS' ORDER BY PKTABLE_CAT, PKTABLE_SCHEM, PKTABLE_NAME, KEY_SEQ 
2020-06-29 19:43:20.102 2 SELECT * FROM INFORMATION_SCHEMA.SYSTEM_INDEXINFO WHERE TRUE AND TABLE_CAT = 'PUBLIC' AND TABLE_SCHEM = 'PUBLIC' AND TABLE_NAME = 'USERS' 
2020-06-29 19:43:20.125 2 ROLLBACK 
2020-06-29 19:44:08.865 4 call database_version() 
2020-06-29 19:44:09.069 4 call database_version() 
2020-06-29 19:44:09.189 4 select current_catalog d, current_schema s from (values (1)) 
2020-06-29 19:44:09.305 4 select database(), current_schema, current_user from information_schema.schemata limit 1 
2020-06-29 19:44:09.328 4 call database_version() 
2020-06-29 19:44:09.354 4 SELECT CATALOG_NAME AS TABLE_CAT FROM INFORMATION_SCHEMA.INFORMATION_SCHEMA_CATALOG_NAME 
2020-06-29 19:44:09.367 4 SELECT * FROM INFORMATION_SCHEMA.SYSTEM_SCHEMAS WHERE TRUE AND TABLE_CATALOG = 'PUBLIC' AND TABLE_SCHEM LIKE '%' 
2020-06-29 19:44:09.402 4 SELECT * FROM INFORMATION_SCHEMA.SYSTEM_SCHEMAS WHERE TRUE AND TABLE_CATALOG = 'PUBLIC' AND TABLE_SCHEM LIKE '%' 
2020-06-29 19:44:09.415 4 SELECT * FROM INFORMATION_SCHEMA.SYSTEM_TABLETYPES 
2020-06-29 19:44:09.423 4 SELECT * FROM INFORMATION_SCHEMA.SYSTEM_TABLES WHERE TRUE AND TABLE_CAT = 'PUBLIC' AND TABLE_SCHEM = 'PUBLIC' AND TABLE_NAME LIKE '%' AND TABLE_TYPE IN ('GLOBAL TEMPORARY','SYSTEM TABLE','TABLE','VIEW') 
2020-06-29 19:44:09.469 4 SELECT * FROM INFORMATION_SCHEMA.SYSTEM_PROCEDURES WHERE TRUE AND PROCEDURE_CAT = 'PUBLIC' AND PROCEDURE_SCHEM = 'PUBLIC' 
2020-06-29 19:44:09.482 4 select sp.procedure_cat as FUNCTION_CAT,sp.procedure_schem as FUNCTION_SCHEM,sp.procedure_name as FUNCTION_NAME,sp.remarks as REMARKS,1 as FUNCTION_TYPE,sp.specific_name as SPECIFIC_NAME from information_schema.system_procedures sp where sp.procedure_type = 2  AND sp.procedure_cat = 'PUBLIC' AND sp.procedure_schem = 'PUBLIC' AND sp.procedure_name LIKE '%' 
2020-06-29 19:44:09.493 4 SELECT * FROM INFORMATION_SCHEMA.SYSTEM_UDTS WHERE TRUE AND TYPE_CAT = 'PUBLIC' AND TYPE_SCHEM = 'PUBLIC' AND TYPE_NAME LIKE '%' 
2020-06-29 19:44:09.505 4 SELECT * FROM INFORMATION_SCHEMA.SYSTEM_COLUMNS WHERE TRUE AND TABLE_CAT = 'PUBLIC' AND TABLE_SCHEM = 'PUBLIC' AND TABLE_NAME LIKE '%' AND COLUMN_NAME LIKE '%' 
2020-06-29 19:44:09.573 4 SELECT * FROM INFORMATION_SCHEMA.SYSTEM_PROCEDURECOLUMNS WHERE TRUE AND PROCEDURE_CAT = 'PUBLIC' AND PROCEDURE_SCHEM = 'PUBLIC' AND PROCEDURE_NAME LIKE '%' 
2020-06-29 19:44:09.591 4 select pc.procedure_cat as FUNCTION_CAT,pc.procedure_schem as FUNCTION_SCHEM,pc.procedure_name as FUNCTION_NAME,pc.column_name as COLUMN_NAME,case pc.column_type when 3 then 5 when 4 then 3 when 5 then 4 else pc.column_type end as COLUMN_TYPE,pc.DATA_TYPE,pc.TYPE_NAME,pc.PRECISION,pc.LENGTH,pc.SCALE,pc.RADIX,pc.NULLABLE,pc.REMARKS,pc.CHAR_OCTET_LENGTH,pc.ORDINAL_POSITION,pc.IS_NULLABLE,pc.SPECIFIC_NAME,case pc.column_type when 3 then 1 else 0 end AS COLUMN_GROUP from information_schema.system_procedurecolumns pc join (select procedure_schem,procedure_name,specific_name from information_schema.system_procedures where procedure_type = 2) p on pc.procedure_schem = p.procedure_schem and pc.procedure_name = p.procedure_name and pc.specific_name = p.specific_name and ((pc.column_type = 3 and pc.column_name = '@p0') or (pc.column_type <> 3)) where 1=1  AND pc.procedure_cat = 'PUBLIC' AND pc.procedure_schem = 'PUBLIC' order by 1, 2, 3, 17, 18 , 15 
2020-06-29 19:44:09.608 4 SELECT * FROM INFORMATION_SCHEMA.SYSTEM_PRIMARYKEYS WHERE TRUE AND TABLE_CAT = 'PUBLIC' AND TABLE_SCHEM = 'PUBLIC' AND TABLE_NAME = 'USERS' 
2020-06-29 19:44:09.627 4 SELECT * FROM INFORMATION_SCHEMA.SYSTEM_CROSSREFERENCE WHERE TRUE AND FKTABLE_CAT = 'PUBLIC' AND FKTABLE_SCHEM = 'PUBLIC' AND FKTABLE_NAME = 'USERS' ORDER BY PKTABLE_CAT, PKTABLE_SCHEM, PKTABLE_NAME, KEY_SEQ 
2020-06-29 19:44:09.639 4 SELECT * FROM INFORMATION_SCHEMA.SYSTEM_INDEXINFO WHERE TRUE AND TABLE_CAT = 'PUBLIC' AND TABLE_SCHEM = 'PUBLIC' AND TABLE_NAME = 'USERS' 
2020-06-29 19:44:09.667 4 ROLLBACK 
2020-06-29 19:44:40.347 4 call database_version() 
2020-06-29 19:44:40.368 4 call database_version() 
2020-06-29 19:44:40.387 4 select current_catalog d, current_schema s from (values (1)) 
2020-06-29 19:44:40.400 4 select database(), current_schema, current_user from information_schema.schemata limit 1 
2020-06-29 19:44:40.401 4 call database_version() 
2020-06-29 19:44:40.418 4 SELECT CATALOG_NAME AS TABLE_CAT FROM INFORMATION_SCHEMA.INFORMATION_SCHEMA_CATALOG_NAME 
2020-06-29 19:44:40.428 4 SELECT * FROM INFORMATION_SCHEMA.SYSTEM_SCHEMAS WHERE TRUE AND TABLE_CATALOG = 'PUBLIC' AND TABLE_SCHEM LIKE '%' 
2020-06-29 19:44:40.440 4 SELECT * FROM INFORMATION_SCHEMA.SYSTEM_SCHEMAS WHERE TRUE AND TABLE_CATALOG = 'PUBLIC' AND TABLE_SCHEM LIKE '%' 
2020-06-29 19:44:40.451 4 SELECT * FROM INFORMATION_SCHEMA.SYSTEM_TABLETYPES 
2020-06-29 19:44:40.456 4 SELECT * FROM INFORMATION_SCHEMA.SYSTEM_TABLES WHERE TRUE AND TABLE_CAT = 'PUBLIC' AND TABLE_SCHEM = 'PUBLIC' AND TABLE_NAME LIKE '%' AND TABLE_TYPE IN ('GLOBAL TEMPORARY','SYSTEM TABLE','TABLE','VIEW') 
2020-06-29 19:44:40.469 4 SELECT * FROM INFORMATION_SCHEMA.SYSTEM_PROCEDURES WHERE TRUE AND PROCEDURE_CAT = 'PUBLIC' AND PROCEDURE_SCHEM = 'PUBLIC' 
2020-06-29 19:44:40.477 4 select sp.procedure_cat as FUNCTION_CAT,sp.procedure_schem as FUNCTION_SCHEM,sp.procedure_name as FUNCTION_NAME,sp.remarks as REMARKS,1 as FUNCTION_TYPE,sp.specific_name as SPECIFIC_NAME from information_schema.system_procedures sp where sp.procedure_type = 2  AND sp.procedure_cat = 'PUBLIC' AND sp.procedure_schem = 'PUBLIC' AND sp.procedure_name LIKE '%' 
2020-06-29 19:44:40.486 4 SELECT * FROM INFORMATION_SCHEMA.SYSTEM_UDTS WHERE TRUE AND TYPE_CAT = 'PUBLIC' AND TYPE_SCHEM = 'PUBLIC' AND TYPE_NAME LIKE '%' 
2020-06-29 19:44:40.496 4 SELECT * FROM INFORMATION_SCHEMA.SYSTEM_COLUMNS WHERE TRUE AND TABLE_CAT = 'PUBLIC' AND TABLE_SCHEM = 'PUBLIC' AND TABLE_NAME LIKE '%' AND COLUMN_NAME LIKE '%' 
2020-06-29 19:44:40.529 4 SELECT * FROM INFORMATION_SCHEMA.SYSTEM_PROCEDURECOLUMNS WHERE TRUE AND PROCEDURE_CAT = 'PUBLIC' AND PROCEDURE_SCHEM = 'PUBLIC' AND PROCEDURE_NAME LIKE '%' 
2020-06-29 19:44:40.543 4 select pc.procedure_cat as FUNCTION_CAT,pc.procedure_schem as FUNCTION_SCHEM,pc.procedure_name as FUNCTION_NAME,pc.column_name as COLUMN_NAME,case pc.column_type when 3 then 5 when 4 then 3 when 5 then 4 else pc.column_type end as COLUMN_TYPE,pc.DATA_TYPE,pc.TYPE_NAME,pc.PRECISION,pc.LENGTH,pc.SCALE,pc.RADIX,pc.NULLABLE,pc.REMARKS,pc.CHAR_OCTET_LENGTH,pc.ORDINAL_POSITION,pc.IS_NULLABLE,pc.SPECIFIC_NAME,case pc.column_type when 3 then 1 else 0 end AS COLUMN_GROUP from information_schema.system_procedurecolumns pc join (select procedure_schem,procedure_name,specific_name from information_schema.system_procedures where procedure_type = 2) p on pc.procedure_schem = p.procedure_schem and pc.procedure_name = p.procedure_name and pc.specific_name = p.specific_name and ((pc.column_type = 3 and pc.column_name = '@p0') or (pc.column_type <> 3)) where 1=1  AND pc.procedure_cat = 'PUBLIC' AND pc.procedure_schem = 'PUBLIC' order by 1, 2, 3, 17, 18 , 15 
2020-06-29 19:44:40.555 4 SELECT * FROM INFORMATION_SCHEMA.SYSTEM_PRIMARYKEYS WHERE TRUE AND TABLE_CAT = 'PUBLIC' AND TABLE_SCHEM = 'PUBLIC' AND TABLE_NAME = 'USERS' 
2020-06-29 19:44:40.569 4 SELECT * FROM INFORMATION_SCHEMA.SYSTEM_CROSSREFERENCE WHERE TRUE AND FKTABLE_CAT = 'PUBLIC' AND FKTABLE_SCHEM = 'PUBLIC' AND FKTABLE_NAME = 'USERS' ORDER BY PKTABLE_CAT, PKTABLE_SCHEM, PKTABLE_NAME, KEY_SEQ 
2020-06-29 19:44:40.581 4 SELECT * FROM INFORMATION_SCHEMA.SYSTEM_INDEXINFO WHERE TRUE AND TABLE_CAT = 'PUBLIC' AND TABLE_SCHEM = 'PUBLIC' AND TABLE_NAME = 'USERS' 
2020-06-29 19:44:40.644 4 ROLLBACK 
2020-06-29 19:44:57.860 4 call database_version() 
2020-06-29 19:44:57.978 4 call database_version() 
2020-06-29 19:44:58.049 4 select current_catalog d, current_schema s from (values (1)) 
2020-06-29 19:44:58.202 4 select database(), current_schema, current_user from information_schema.schemata limit 1 
2020-06-29 19:44:58.222 4 call database_version() 
2020-06-29 19:44:58.245 4 SELECT CATALOG_NAME AS TABLE_CAT FROM INFORMATION_SCHEMA.INFORMATION_SCHEMA_CATALOG_NAME 
2020-06-29 19:44:58.259 4 SELECT * FROM INFORMATION_SCHEMA.SYSTEM_SCHEMAS WHERE TRUE AND TABLE_CATALOG = 'PUBLIC' AND TABLE_SCHEM LIKE '%' 
2020-06-29 19:44:58.277 4 SELECT * FROM INFORMATION_SCHEMA.SYSTEM_SCHEMAS WHERE TRUE AND TABLE_CATALOG = 'PUBLIC' AND TABLE_SCHEM LIKE '%' 
2020-06-29 19:44:58.291 4 SELECT * FROM INFORMATION_SCHEMA.SYSTEM_TABLETYPES 
2020-06-29 19:44:58.299 4 SELECT * FROM INFORMATION_SCHEMA.SYSTEM_TABLES WHERE TRUE AND TABLE_CAT = 'PUBLIC' AND TABLE_SCHEM = 'PUBLIC' AND TABLE_NAME LIKE '%' AND TABLE_TYPE IN ('GLOBAL TEMPORARY','SYSTEM TABLE','TABLE','VIEW') 
2020-06-29 19:44:58.334 4 SELECT * FROM INFORMATION_SCHEMA.SYSTEM_PROCEDURES WHERE TRUE AND PROCEDURE_CAT = 'PUBLIC' AND PROCEDURE_SCHEM = 'PUBLIC' 
2020-06-29 19:44:58.348 4 select sp.procedure_cat as FUNCTION_CAT,sp.procedure_schem as FUNCTION_SCHEM,sp.procedure_name as FUNCTION_NAME,sp.remarks as REMARKS,1 as FUNCTION_TYPE,sp.specific_name as SPECIFIC_NAME from information_schema.system_procedures sp where sp.procedure_type = 2  AND sp.procedure_cat = 'PUBLIC' AND sp.procedure_schem = 'PUBLIC' AND sp.procedure_name LIKE '%' 
2020-06-29 19:44:58.357 4 SELECT * FROM INFORMATION_SCHEMA.SYSTEM_UDTS WHERE TRUE AND TYPE_CAT = 'PUBLIC' AND TYPE_SCHEM = 'PUBLIC' AND TYPE_NAME LIKE '%' 
2020-06-29 19:44:58.367 4 SELECT * FROM INFORMATION_SCHEMA.SYSTEM_COLUMNS WHERE TRUE AND TABLE_CAT = 'PUBLIC' AND TABLE_SCHEM = 'PUBLIC' AND TABLE_NAME LIKE '%' AND COLUMN_NAME LIKE '%' 
2020-06-29 19:44:58.426 4 SELECT * FROM INFORMATION_SCHEMA.SYSTEM_PROCEDURECOLUMNS WHERE TRUE AND PROCEDURE_CAT = 'PUBLIC' AND PROCEDURE_SCHEM = 'PUBLIC' AND PROCEDURE_NAME LIKE '%' 
2020-06-29 19:44:58.441 4 select pc.procedure_cat as FUNCTION_CAT,pc.procedure_schem as FUNCTION_SCHEM,pc.procedure_name as FUNCTION_NAME,pc.column_name as COLUMN_NAME,case pc.column_type when 3 then 5 when 4 then 3 when 5 then 4 else pc.column_type end as COLUMN_TYPE,pc.DATA_TYPE,pc.TYPE_NAME,pc.PRECISION,pc.LENGTH,pc.SCALE,pc.RADIX,pc.NULLABLE,pc.REMARKS,pc.CHAR_OCTET_LENGTH,pc.ORDINAL_POSITION,pc.IS_NULLABLE,pc.SPECIFIC_NAME,case pc.column_type when 3 then 1 else 0 end AS COLUMN_GROUP from information_schema.system_procedurecolumns pc join (select procedure_schem,procedure_name,specific_name from information_schema.system_procedures where procedure_type = 2) p on pc.procedure_schem = p.procedure_schem and pc.procedure_name = p.procedure_name and pc.specific_name = p.specific_name and ((pc.column_type = 3 and pc.column_name = '@p0') or (pc.column_type <> 3)) where 1=1  AND pc.procedure_cat = 'PUBLIC' AND pc.procedure_schem = 'PUBLIC' order by 1, 2, 3, 17, 18 , 15 
2020-06-29 19:44:58.455 4 SELECT * FROM INFORMATION_SCHEMA.SYSTEM_PRIMARYKEYS WHERE TRUE AND TABLE_CAT = 'PUBLIC' AND TABLE_SCHEM = 'PUBLIC' AND TABLE_NAME = 'USERS' 
2020-06-29 19:44:58.464 4 SELECT * FROM INFORMATION_SCHEMA.SYSTEM_CROSSREFERENCE WHERE TRUE AND FKTABLE_CAT = 'PUBLIC' AND FKTABLE_SCHEM = 'PUBLIC' AND FKTABLE_NAME = 'USERS' ORDER BY PKTABLE_CAT, PKTABLE_SCHEM, PKTABLE_NAME, KEY_SEQ 
2020-06-29 19:44:58.476 4 SELECT * FROM INFORMATION_SCHEMA.SYSTEM_INDEXINFO WHERE TRUE AND TABLE_CAT = 'PUBLIC' AND TABLE_SCHEM = 'PUBLIC' AND TABLE_NAME = 'USERS' 
2020-06-29 19:44:58.509 4 ROLLBACK 
2020-06-29 19:45:18.548 4 call database_version() 
2020-06-29 19:45:18.563 4 call database_version() 
2020-06-29 19:45:18.586 4 select current_catalog d, current_schema s from (values (1)) 
2020-06-29 19:45:18.600 4 select database(), current_schema, current_user from information_schema.schemata limit 1 
2020-06-29 19:45:18.601 4 call database_version() 
2020-06-29 19:45:18.618 4 SELECT CATALOG_NAME AS TABLE_CAT FROM INFORMATION_SCHEMA.INFORMATION_SCHEMA_CATALOG_NAME 
2020-06-29 19:45:18.627 4 SELECT * FROM INFORMATION_SCHEMA.SYSTEM_SCHEMAS WHERE TRUE AND TABLE_CATALOG = 'PUBLIC' AND TABLE_SCHEM LIKE '%' 
2020-06-29 19:45:18.638 4 SELECT * FROM INFORMATION_SCHEMA.SYSTEM_SCHEMAS WHERE TRUE AND TABLE_CATALOG = 'PUBLIC' AND TABLE_SCHEM LIKE '%' 
2020-06-29 19:45:18.651 4 SELECT * FROM INFORMATION_SCHEMA.SYSTEM_TABLETYPES 
2020-06-29 19:45:18.657 4 SELECT * FROM INFORMATION_SCHEMA.SYSTEM_TABLES WHERE TRUE AND TABLE_CAT = 'PUBLIC' AND TABLE_SCHEM = 'PUBLIC' AND TABLE_NAME LIKE '%' AND TABLE_TYPE IN ('GLOBAL TEMPORARY','SYSTEM TABLE','TABLE','VIEW') 
2020-06-29 19:45:18.672 4 SELECT * FROM INFORMATION_SCHEMA.SYSTEM_PROCEDURES WHERE TRUE AND PROCEDURE_CAT = 'PUBLIC' AND PROCEDURE_SCHEM = 'PUBLIC' 
2020-06-29 19:45:18.682 4 select sp.procedure_cat as FUNCTION_CAT,sp.procedure_schem as FUNCTION_SCHEM,sp.procedure_name as FUNCTION_NAME,sp.remarks as REMARKS,1 as FUNCTION_TYPE,sp.specific_name as SPECIFIC_NAME from information_schema.system_procedures sp where sp.procedure_type = 2  AND sp.procedure_cat = 'PUBLIC' AND sp.procedure_schem = 'PUBLIC' AND sp.procedure_name LIKE '%' 
2020-06-29 19:45:18.692 4 SELECT * FROM INFORMATION_SCHEMA.SYSTEM_UDTS WHERE TRUE AND TYPE_CAT = 'PUBLIC' AND TYPE_SCHEM = 'PUBLIC' AND TYPE_NAME LIKE '%' 
2020-06-29 19:45:18.700 4 SELECT * FROM INFORMATION_SCHEMA.SYSTEM_COLUMNS WHERE TRUE AND TABLE_CAT = 'PUBLIC' AND TABLE_SCHEM = 'PUBLIC' AND TABLE_NAME LIKE '%' AND COLUMN_NAME LIKE '%' 
2020-06-29 19:45:18.750 4 SELECT * FROM INFORMATION_SCHEMA.SYSTEM_PROCEDURECOLUMNS WHERE TRUE AND PROCEDURE_CAT = 'PUBLIC' AND PROCEDURE_SCHEM = 'PUBLIC' AND PROCEDURE_NAME LIKE '%' 
2020-06-29 19:45:18.762 4 select pc.procedure_cat as FUNCTION_CAT,pc.procedure_schem as FUNCTION_SCHEM,pc.procedure_name as FUNCTION_NAME,pc.column_name as COLUMN_NAME,case pc.column_type when 3 then 5 when 4 then 3 when 5 then 4 else pc.column_type end as COLUMN_TYPE,pc.DATA_TYPE,pc.TYPE_NAME,pc.PRECISION,pc.LENGTH,pc.SCALE,pc.RADIX,pc.NULLABLE,pc.REMARKS,pc.CHAR_OCTET_LENGTH,pc.ORDINAL_POSITION,pc.IS_NULLABLE,pc.SPECIFIC_NAME,case pc.column_type when 3 then 1 else 0 end AS COLUMN_GROUP from information_schema.system_procedurecolumns pc join (select procedure_schem,procedure_name,specific_name from information_schema.system_procedures where procedure_type = 2) p on pc.procedure_schem = p.procedure_schem and pc.procedure_name = p.procedure_name and pc.specific_name = p.specific_name and ((pc.column_type = 3 and pc.column_name = '@p0') or (pc.column_type <> 3)) where 1=1  AND pc.procedure_cat = 'PUBLIC' AND pc.procedure_schem = 'PUBLIC' order by 1, 2, 3, 17, 18 , 15 
2020-06-29 19:45:18.776 4 SELECT * FROM INFORMATION_SCHEMA.SYSTEM_PRIMARYKEYS WHERE TRUE AND TABLE_CAT = 'PUBLIC' AND TABLE_SCHEM = 'PUBLIC' AND TABLE_NAME = 'USERS' 
2020-06-29 19:45:18.791 4 SELECT * FROM INFORMATION_SCHEMA.SYSTEM_CROSSREFERENCE WHERE TRUE AND FKTABLE_CAT = 'PUBLIC' AND FKTABLE_SCHEM = 'PUBLIC' AND FKTABLE_NAME = 'USERS' ORDER BY PKTABLE_CAT, PKTABLE_SCHEM, PKTABLE_NAME, KEY_SEQ 
2020-06-29 19:45:18.804 4 SELECT * FROM INFORMATION_SCHEMA.SYSTEM_INDEXINFO WHERE TRUE AND TABLE_CAT = 'PUBLIC' AND TABLE_SCHEM = 'PUBLIC' AND TABLE_NAME = 'USERS' 
2020-06-29 19:45:18.843 4 ROLLBACK 
2020-06-29 19:51:41.220 4 call database_version() 
2020-06-29 19:51:41.238 4 call database_version() 
2020-06-29 19:51:41.268 4 select current_catalog d, current_schema s from (values (1)) 
2020-06-29 19:51:41.292 4 select database(), current_schema, current_user from information_schema.schemata limit 1 
2020-06-29 19:51:41.293 4 call database_version() 
2020-06-29 19:51:41.310 4 SELECT CATALOG_NAME AS TABLE_CAT FROM INFORMATION_SCHEMA.INFORMATION_SCHEMA_CATALOG_NAME 
2020-06-29 19:51:41.316 4 SELECT * FROM INFORMATION_SCHEMA.SYSTEM_SCHEMAS WHERE TRUE AND TABLE_CATALOG = 'PUBLIC' AND TABLE_SCHEM LIKE '%' 
2020-06-29 19:51:41.328 4 SELECT * FROM INFORMATION_SCHEMA.SYSTEM_SCHEMAS WHERE TRUE AND TABLE_CATALOG = 'PUBLIC' AND TABLE_SCHEM LIKE '%' 
2020-06-29 19:51:41.350 4 SELECT * FROM INFORMATION_SCHEMA.SYSTEM_TABLETYPES 
2020-06-29 19:51:41.356 4 SELECT * FROM INFORMATION_SCHEMA.SYSTEM_TABLES WHERE TRUE AND TABLE_CAT = 'PUBLIC' AND TABLE_SCHEM = 'PUBLIC' AND TABLE_NAME LIKE '%' AND TABLE_TYPE IN ('GLOBAL TEMPORARY','SYSTEM TABLE','TABLE','VIEW') 
2020-06-29 19:51:41.367 4 SELECT * FROM INFORMATION_SCHEMA.SYSTEM_PROCEDURES WHERE TRUE AND PROCEDURE_CAT = 'PUBLIC' AND PROCEDURE_SCHEM = 'PUBLIC' 
2020-06-29 19:51:41.375 4 select sp.procedure_cat as FUNCTION_CAT,sp.procedure_schem as FUNCTION_SCHEM,sp.procedure_name as FUNCTION_NAME,sp.remarks as REMARKS,1 as FUNCTION_TYPE,sp.specific_name as SPECIFIC_NAME from information_schema.system_procedures sp where sp.procedure_type = 2  AND sp.procedure_cat = 'PUBLIC' AND sp.procedure_schem = 'PUBLIC' AND sp.procedure_name LIKE '%' 
2020-06-29 19:51:41.382 4 SELECT * FROM INFORMATION_SCHEMA.SYSTEM_UDTS WHERE TRUE AND TYPE_CAT = 'PUBLIC' AND TYPE_SCHEM = 'PUBLIC' AND TYPE_NAME LIKE '%' 
2020-06-29 19:51:41.391 4 SELECT * FROM INFORMATION_SCHEMA.SYSTEM_COLUMNS WHERE TRUE AND TABLE_CAT = 'PUBLIC' AND TABLE_SCHEM = 'PUBLIC' AND TABLE_NAME LIKE '%' AND COLUMN_NAME LIKE '%' 
2020-06-29 19:51:41.466 4 SELECT * FROM INFORMATION_SCHEMA.SYSTEM_PROCEDURECOLUMNS WHERE TRUE AND PROCEDURE_CAT = 'PUBLIC' AND PROCEDURE_SCHEM = 'PUBLIC' AND PROCEDURE_NAME LIKE '%' 
2020-06-29 19:51:41.478 4 select pc.procedure_cat as FUNCTION_CAT,pc.procedure_schem as FUNCTION_SCHEM,pc.procedure_name as FUNCTION_NAME,pc.column_name as COLUMN_NAME,case pc.column_type when 3 then 5 when 4 then 3 when 5 then 4 else pc.column_type end as COLUMN_TYPE,pc.DATA_TYPE,pc.TYPE_NAME,pc.PRECISION,pc.LENGTH,pc.SCALE,pc.RADIX,pc.NULLABLE,pc.REMARKS,pc.CHAR_OCTET_LENGTH,pc.ORDINAL_POSITION,pc.IS_NULLABLE,pc.SPECIFIC_NAME,case pc.column_type when 3 then 1 else 0 end AS COLUMN_GROUP from information_schema.system_procedurecolumns pc join (select procedure_schem,procedure_name,specific_name from information_schema.system_procedures where procedure_type = 2) p on pc.procedure_schem = p.procedure_schem and pc.procedure_name = p.procedure_name and pc.specific_name = p.specific_name and ((pc.column_type = 3 and pc.column_name = '@p0') or (pc.column_type <> 3)) where 1=1  AND pc.procedure_cat = 'PUBLIC' AND pc.procedure_schem = 'PUBLIC' order by 1, 2, 3, 17, 18 , 15 
2020-06-29 19:51:41.489 4 SELECT * FROM INFORMATION_SCHEMA.SYSTEM_PRIMARYKEYS WHERE TRUE AND TABLE_CAT = 'PUBLIC' AND TABLE_SCHEM = 'PUBLIC' AND TABLE_NAME = 'DISHES' 
2020-06-29 19:51:41.497 4 SELECT * FROM INFORMATION_SCHEMA.SYSTEM_PRIMARYKEYS WHERE TRUE AND TABLE_CAT = 'PUBLIC' AND TABLE_SCHEM = 'PUBLIC' AND TABLE_NAME = 'RESTAURANTS' 
2020-06-29 19:51:41.504 4 SELECT * FROM INFORMATION_SCHEMA.SYSTEM_PRIMARYKEYS WHERE TRUE AND TABLE_CAT = 'PUBLIC' AND TABLE_SCHEM = 'PUBLIC' AND TABLE_NAME = 'USERS' 
2020-06-29 19:51:41.511 4 SELECT * FROM INFORMATION_SCHEMA.SYSTEM_CROSSREFERENCE WHERE TRUE AND FKTABLE_CAT = 'PUBLIC' AND FKTABLE_SCHEM = 'PUBLIC' AND FKTABLE_NAME = 'DISHES' ORDER BY PKTABLE_CAT, PKTABLE_SCHEM, PKTABLE_NAME, KEY_SEQ 
2020-06-29 19:51:41.522 4 SELECT * FROM INFORMATION_SCHEMA.SYSTEM_CROSSREFERENCE WHERE TRUE AND FKTABLE_CAT = 'PUBLIC' AND FKTABLE_SCHEM = 'PUBLIC' AND FKTABLE_NAME = 'RESTAURANTS' ORDER BY PKTABLE_CAT, PKTABLE_SCHEM, PKTABLE_NAME, KEY_SEQ 
2020-06-29 19:51:41.531 4 SELECT * FROM INFORMATION_SCHEMA.SYSTEM_CROSSREFERENCE WHERE TRUE AND FKTABLE_CAT = 'PUBLIC' AND FKTABLE_SCHEM = 'PUBLIC' AND FKTABLE_NAME = 'USERS' ORDER BY PKTABLE_CAT, PKTABLE_SCHEM, PKTABLE_NAME, KEY_SEQ 
2020-06-29 19:51:41.541 4 SELECT * FROM INFORMATION_SCHEMA.SYSTEM_INDEXINFO WHERE TRUE AND TABLE_CAT = 'PUBLIC' AND TABLE_SCHEM = 'PUBLIC' AND TABLE_NAME = 'DISHES' 
2020-06-29 19:51:41.551 4 SELECT * FROM INFORMATION_SCHEMA.SYSTEM_INDEXINFO WHERE TRUE AND TABLE_CAT = 'PUBLIC' AND TABLE_SCHEM = 'PUBLIC' AND TABLE_NAME = 'RESTAURANTS' 
2020-06-29 19:51:41.561 4 SELECT * FROM INFORMATION_SCHEMA.SYSTEM_INDEXINFO WHERE TRUE AND TABLE_CAT = 'PUBLIC' AND TABLE_SCHEM = 'PUBLIC' AND TABLE_NAME = 'USERS' 
2020-06-29 19:51:41.584 4 ROLLBACK 
2020-07-01 14:44:30.420 4 call database_version() 
2020-07-01 14:44:30.722 4 call database_version() 
2020-07-01 14:44:30.984 4 select current_catalog d, current_schema s from (values (1)) 
2020-07-01 14:44:31.117 4 SELECT t.*
FROM PUBLIC.DISHES t
LIMIT 501 
2020-07-01 14:44:31.118 4 COMMIT 
2020-07-01 14:44:38.665 5 call database_version() 
2020-07-01 14:44:38.702 5 call database_version() 
2020-07-01 14:44:38.788 5 select current_catalog d, current_schema s from (values (1)) 
2020-07-01 14:44:38.813 5 SELECT t.*
FROM PUBLIC.RESTAURANTS t
LIMIT 501 
2020-07-01 14:44:38.814 5 COMMIT 
2020-07-01 14:44:50.026 6 call database_version() 
2020-07-01 14:44:50.051 6 call database_version() 
2020-07-01 14:44:50.079 6 select current_catalog d, current_schema s from (values (1)) 
2020-07-01 14:44:50.099 6 SELECT t.*
FROM PUBLIC.USERS t
LIMIT 501 
2020-07-01 14:44:50.099 6 COMMIT 
2020-07-01 14:44:55.432 5 ROLLBACK 
2020-07-01 14:44:56.427 4 ROLLBACK 
