/*C4*/SET SCHEMA PUBLIC
DISCONNECT
/*C5*/SET SCHEMA PUBLIC
DROP TABLE users IF EXISTS
DROP SEQUENCE global_seq IF EXISTS
CREATE SEQUENCE GLOBAL_SEQ AS INTEGER START WITH 100000
CREATE TABLE users\u000a(\u000a    id               INTEGER GENERATED BY DEFAULT AS SEQUENCE GLOBAL_SEQ PRIMARY KEY,\u000a    name             VARCHAR(255)            NOT NULL,\u000a    email            VARCHAR(255)            NOT NULL,\u000a    password         VARCHAR(255)            NOT NULL,\u000a    registered       TIMESTAMP DEFAULT now() NOT NULL,\u000a    enabled          BOOLEAN   DEFAULT TRUE  NOT NULL,\u000a    calories_per_day INTEGER   DEFAULT 2000  NOT NULL\u000a)
DISCONNECT
/*C6*/SET SCHEMA PUBLIC
DISCONNECT
/*C7*/SET SCHEMA PUBLIC
DISCONNECT
/*C8*/SET SCHEMA PUBLIC
set schema PUBLIC
drop table USERS
/*C9*/SET SCHEMA PUBLIC
DISCONNECT
/*C10*/SET SCHEMA PUBLIC
DROP TABLE users IF EXISTS
DROP SEQUENCE global_seq IF EXISTS
CREATE SEQUENCE GLOBAL_SEQ AS INTEGER START WITH 100000
CREATE TABLE users\u000a(\u000a    id               INTEGER GENERATED BY DEFAULT AS SEQUENCE GLOBAL_SEQ PRIMARY KEY,\u000a    name             VARCHAR(255)            NOT NULL,\u000a    email            VARCHAR(255)            NOT NULL,\u000a    password         VARCHAR(255)            NOT NULL,\u000a    registered       TIMESTAMP DEFAULT now() NOT NULL,\u000a    enabled          BOOLEAN   DEFAULT TRUE  NOT NULL,\u000a    calories_per_day INTEGER   DEFAULT 2000  NOT NULL\u000a)
DISCONNECT
/*C11*/SET SCHEMA PUBLIC
DISCONNECT
/*C8*/drop table USERS
/*C12*/SET SCHEMA PUBLIC
DISCONNECT
/*C13*/SET SCHEMA PUBLIC
DROP TABLE users IF EXISTS
DROP SEQUENCE global_seq IF EXISTS
CREATE SEQUENCE GLOBAL_SEQ AS INTEGER START WITH 100000
CREATE TABLE users\u000a(\u000a    id               INTEGER GENERATED BY DEFAULT AS SEQUENCE GLOBAL_SEQ PRIMARY KEY,\u000a    name             VARCHAR(255)            NOT NULL,\u000a    email            VARCHAR(255)            NOT NULL,\u000a    password         VARCHAR(255)            NOT NULL\u000a)
DISCONNECT
/*C14*/SET SCHEMA PUBLIC
DISCONNECT
/*C8*/drop table USERS
/*C15*/SET SCHEMA PUBLIC
DISCONNECT
/*C16*/SET SCHEMA PUBLIC
DROP TABLE users IF EXISTS
DROP SEQUENCE global_seq IF EXISTS
CREATE SEQUENCE GLOBAL_SEQ AS INTEGER START WITH 100000
CREATE TABLE users\u000a(\u000a    id               INTEGER GENERATED BY DEFAULT AS SEQUENCE GLOBAL_SEQ PRIMARY KEY,\u000a    name             VARCHAR(255)            NOT NULL\u000a)
DISCONNECT
/*C17*/SET SCHEMA PUBLIC
DISCONNECT
/*C8*/DISCONNECT
